<?xml version="1.0" encoding="UTF-8"?>
<coverage generated="1670427242293" clover="3.2.0">
  <project timestamp="1670427242293" name="All files">
    <metrics statements="13" coveredstatements="13" conditionals="10" coveredconditionals="10" methods="4" coveredmethods="4" elements="27" coveredelements="27" complexity="0" loc="13" ncloc="13" packages="1" files="2" classes="2"/>
    <file name="factorielle.js" path="/amuhome/h17030347/Bureau/testjest/factorielle.js">
      <metrics statements="4" coveredstatements="4" conditionals="4" coveredconditionals="4" methods="1" coveredmethods="1"/>
      <line num="2" count="30" type="cond" truecount="4" falsecount="0"/>
      <line num="3" count="9" type="stmt"/>
      <line num="5" count="21" type="stmt"/>
      <line num="8" count="2" type="stmt"/>
    </file>
    <file name="stringcheck.js" path="/amuhome/h17030347/Bureau/testjest/stringcheck.js">
      <metrics statements="9" coveredstatements="9" conditionals="6" coveredconditionals="6" methods="3" coveredmethods="3"/>
      <line num="2" count="12" type="stmt"/>
      <line num="3" count="12" type="stmt"/>
      <line num="7" count="15" type="stmt"/>
      <line num="11" count="8" type="cond" truecount="2" falsecount="0"/>
      <line num="12" count="6" type="stmt"/>
      <line num="13" count="6" type="cond" truecount="4" falsecount="0"/>
      <line num="14" count="3" type="stmt"/>
      <line num="17" count="5" type="stmt"/>
      <line num="19" count="2" type="stmt"/>
    </file>
  </project>
</coverage>
