TN:
SF:factorielle.js
FN:1,factorielle
FNF:1
FNH:1
FNDA:30,factorielle
DA:2,30
DA:3,9
DA:5,21
DA:8,2
LF:4
LH:4
BRDA:2,0,0,9
BRDA:2,0,1,21
BRDA:2,1,0,30
BRDA:2,1,1,30
BRF:4
BRH:4
end_of_record
TN:
SF:stringcheck.js
FN:1,isEmpty
FN:6,isInt
FN:10,isSmallPositiveInt
FNF:3
FNH:3
FNDA:12,isEmpty
FNDA:15,isInt
FNDA:8,isSmallPositiveInt
DA:2,12
DA:3,12
DA:7,15
DA:11,8
DA:12,6
DA:13,6
DA:14,3
DA:17,5
DA:19,2
LF:9
LH:9
BRDA:11,0,0,6
BRDA:11,0,1,2
BRDA:13,1,0,3
BRDA:13,1,1,3
BRDA:13,2,0,6
BRDA:13,2,1,4
BRF:6
BRH:6
end_of_record
